
Logfile opened on Fri Mar 24 19:21:48 2023


By using this software you agree to the usage conditions you can find at https://github.com/callofduty4x/CoD4x_Server#usage-conditions-for-server-hosters
-----------------------------------
^4Calculate referenced files checksums...
^4CRC32 for Mods/phx_promod_source/phx_promod_source.iwd is 63807f78 Len 276308
^4CRC32 for Mods/phx_promod_source/z_c_r.iwd is 597e6178 Len 2248
^4CRC32 for main/iw_11.iwd is e9cf411f Len 151420446
^4CRC32 for zone/english/code_post_gfx_mp.ff is b144581c Len 89196
^4CRC32 for zone/english/common_mp.ff is 4ef7a074 Len 13517381
^4CRC32 for Mods/phx_promod_source/mod.ff is 2b243d88 Len 294652
^4CRC32 for zone/english/mp_crossfire.ff is 7ccff4ad Len 36726189
Resolving cod4master.activision.com 
Sending master heartbeat from 0.0.0.0:28960 to 188.165.57.239:20810
Sending master heartbeat from 0.0.0.0:28960 to 84.21.7.14:20810
cod4master.activision.com resolved to 185.34.107.159:20810
^5Hitch warning: 1713 msec frame time
Masterserver needs token to complete registration
Resolving cod4master.activision.com
cod4master.activision.com resolved to 185.34.107.159:20800
Steam: Server connected successfully
GameServer is not VAC Secure!
GameServer SteamID: [A:1:1305320452]
Can not register server on the masterserver. Server needs to provide a valid token in cvar sv_authtoken.
Sending master heartbeat from 0.0.0.0:28960 to 84.21.7.14:20810
Going from CS_FREE to CS_CONNECTED for Gihan num 0 from: 192.168.1.100:28961<=>0.0.0.0:28960
Sending master heartbeat from 0.0.0.0:28960 to 84.21.7.14:20810
Sending master heartbeat from 0.0.0.0:28960 to 188.165.57.239:20810
Masterserver needs token to complete registration
Received packet 0 of stats data
Can not register server on the masterserver. Server needs to provide a valid token in cvar sv_authtoken.
Sending master heartbeat from 0.0.0.0:28960 to 84.21.7.14:20810
==== ShutdownGame (1) ====
------ Server Initialization ------
Server: mp_crossfire
SV_SpawnServer checksum feed: 0x27dc673
c:\games\call of duty modern warfare\main\localized_english_iw00.iwd: 765053857
c:\games\call of duty modern warfare\main\localized_english_iw01.iwd: -1130541266
c:\games\call of duty modern warfare\main\localized_english_iw02.iwd: 1438003610
c:\games\call of duty modern warfare\main\localized_english_iw03.iwd: 1387047112
c:\games\call of duty modern warfare\main\localized_english_iw04.iwd: 1077332675
c:\games\call of duty modern warfare\main\localized_english_iw05.iwd: 213342034
c:\games\call of duty modern warfare\main\localized_english_iw06.iwd: 788857388
c:\games\call of duty modern warfare\main\iw_00.iwd: -1190209610
c:\games\call of duty modern warfare\main\iw_01.iwd: 648005745
c:\games\call of duty modern warfare\main\iw_02.iwd: -165391090
c:\games\call of duty modern warfare\main\iw_03.iwd: 309900900
c:\games\call of duty modern warfare\main\iw_04.iwd: 499941093
c:\games\call of duty modern warfare\main\iw_05.iwd: 489843315
c:\games\call of duty modern warfare\main\iw_06.iwd: -715502781
c:\games\call of duty modern warfare\main\iw_07.iwd: -1041447890
c:\games\call of duty modern warfare\main\iw_08.iwd: -1079795827
c:\games\call of duty modern warfare\main\iw_09.iwd: -1846635013
c:\games\call of duty modern warfare\main\iw_10.iwd: 173489706
c:\games\call of duty modern warfare\main\iw_11.iwd: -292863836
c:\games\call of duty modern warfare\main\iw_12.iwd: 1043426064
c:\games\call of duty modern warfare\main\iw_13.iwd: 2115322797
c:\games\call of duty modern warfare\main\jcod4x_00.iwd: 94291723
c:\games\call of duty modern warfare\main\xbase_00.iwd: -978930286
c:\games\call of duty modern warfare\Mods\phx_promod_source\phx_promod_source.iwd: 1491770436
c:\games\call of duty modern warfare\Mods\phx_promod_source\z_c_r.iwd: 1988645860
Current language: english
Current fs_basepath: c:/games/call of duty modern warfare
Current fs_homepath: c:/games/call of duty modern warfare
Current search path:
c:\games\call of duty modern warfare\Mods\phx_promod_source\z_c_r.iwd (2 files)
c:\games\call of duty modern warfare\Mods\phx_promod_source\phx_promod_source.iwd (47 files)
c:/games/call of duty modern warfare/Mods/phx_promod_source
c:/games/call of duty modern warfare/usermaps/mp_crossfire
c:\games\call of duty modern warfare\main\xbase_00.iwd (115 files)
c:\games\call of duty modern warfare\main\jcod4x_00.iwd (67 files)
c:\games\call of duty modern warfare\main\iw_13.iwd (265 files)
c:\games\call of duty modern warfare\main\iw_12.iwd (33 files)
c:\games\call of duty modern warfare\main\iw_11.iwd (448 files)
c:\games\call of duty modern warfare\main\iw_10.iwd (230 files)
c:\games\call of duty modern warfare\main\iw_09.iwd (447 files)
c:\games\call of duty modern warfare\main\iw_08.iwd (66 files)
c:\games\call of duty modern warfare\main\iw_07.iwd (34 files)
c:\games\call of duty modern warfare\main\iw_06.iwd (416 files)
c:\games\call of duty modern warfare\main\iw_05.iwd (716 files)
c:\games\call of duty modern warfare\main\iw_04.iwd (765 files)
c:\games\call of duty modern warfare\main\iw_03.iwd (670 files)
c:\games\call of duty modern warfare\main\iw_02.iwd (1296 files)
c:\games\call of duty modern warfare\main\iw_01.iwd (1456 files)
c:\games\call of duty modern warfare\main\iw_00.iwd (1054 files)
c:/games/call of duty modern warfare/main
c:/games/call of duty modern warfare/main_shared
c:/games/call of duty modern warfare/players
c:\games\call of duty modern warfare\main\localized_english_iw06.iwd (7 files)
    localized assets iwd file for english
c:\games\call of duty modern warfare\main\localized_english_iw05.iwd (1338 files)
    localized assets iwd file for english
c:\games\call of duty modern warfare\main\localized_english_iw04.iwd (1730 files)
    localized assets iwd file for english
c:\games\call of duty modern warfare\main\localized_english_iw03.iwd (3705 files)
    localized assets iwd file for english
c:\games\call of duty modern warfare\main\localized_english_iw02.iwd (3483 files)
    localized assets iwd file for english
c:\games\call of duty modern warfare\main\localized_english_iw01.iwd (3181 files)
    localized assets iwd file for english
c:\games\call of duty modern warfare\main\localized_english_iw00.iwd (2903 files)
    localized assets iwd file for english

File Handles:
handle 2: qconsole.log
handle 3: enterleave.log
----------------------
24474 files in iwd files
Unloading assets from fastfile 'mp_crossfire' and creating default assets stubs
Unloaded fastfile 'mp_crossfire'
PMem_Free( mp_crossfire, Low )
PMem_Free( mp_crossfire, High )
Adding fastfile 'mp_crossfire' to queue
Loading fastfile 'mp_crossfire'
used 42.96 MB memory in DB alloc
Waited 164 msec for asset 'maps/mp/mp_crossfire.d3dbsp' of type 'col_map_mp'.
------- Game Initialization -------
gamename: Call of Duty 4
gamedate: Feb 12 2009
fs_ignoreLocalized is cheat protected.
fs_ignoreLocalized is cheat protected.
Loaded fastfile 'mp_crossfire' in 266ms (0ms waiting)
-----------------------------------
By using this software you agree to the usage conditions you can find at https://github.com/callofduty4x/CoD4x_Server#usage-conditions-for-server-hosters
-----------------------------------
^4Calculate referenced files checksums...
^4CRC32 for Mods/phx_promod_source/phx_promod_source.iwd is 63807f78 Len 276308
^4CRC32 for Mods/phx_promod_source/z_c_r.iwd is 597e6178 Len 2248
^4CRC32 for main/iw_11.iwd is e9cf411f Len 151420446
^4CRC32 for zone/english/code_post_gfx_mp.ff is b144581c Len 89196
^4CRC32 for zone/english/common_mp.ff is 4ef7a074 Len 13517381
^4CRC32 for Mods/phx_promod_source/mod.ff is 2b243d88 Len 294652
^4CRC32 for zone/english/mp_crossfire.ff is 7ccff4ad Len 36726189
^5Hitch warning: 1417 msec frame time
Sending master heartbeat from 0.0.0.0:28960 to 84.21.7.14:20810
Sending master heartbeat from 0.0.0.0:28960 to 188.165.57.239:20810
Masterserver needs token to complete registration
Received packet 0 of stats data
Can not register server on the masterserver. Server needs to provide a valid token in cvar sv_authtoken.
Sending master heartbeat from 0.0.0.0:28960 to 84.21.7.14:20810
Sending master heartbeat from 0.0.0.0:28960 to 188.165.57.239:20810
Sending master heartbeat from 0.0.0.0:28960 to 84.21.7.14:20810
Masterserver needs token to complete registration
Can not register server on the masterserver. Server needs to provide a valid token in cvar sv_authtoken.
Sending master heartbeat from 0.0.0.0:28960 to 84.21.7.14:20810
==== ShutdownGame (1) ====
------ Server Initialization ------
Server: mp_crossfire
SV_SpawnServer checksum feed: 0x1bb04136
c:\games\call of duty modern warfare\main\localized_english_iw00.iwd: 765053857
c:\games\call of duty modern warfare\main\localized_english_iw01.iwd: -1130541266
c:\games\call of duty modern warfare\main\localized_english_iw02.iwd: 1438003610
c:\games\call of duty modern warfare\main\localized_english_iw03.iwd: 1387047112
c:\games\call of duty modern warfare\main\localized_english_iw04.iwd: 1077332675
c:\games\call of duty modern warfare\main\localized_english_iw05.iwd: 213342034
c:\games\call of duty modern warfare\main\localized_english_iw06.iwd: 788857388
c:\games\call of duty modern warfare\main\iw_00.iwd: -1190209610
c:\games\call of duty modern warfare\main\iw_01.iwd: 648005745
c:\games\call of duty modern warfare\main\iw_02.iwd: -165391090
c:\games\call of duty modern warfare\main\iw_03.iwd: 309900900
c:\games\call of duty modern warfare\main\iw_04.iwd: 499941093
c:\games\call of duty modern warfare\main\iw_05.iwd: 489843315
c:\games\call of duty modern warfare\main\iw_06.iwd: -715502781
c:\games\call of duty modern warfare\main\iw_07.iwd: -1041447890
c:\games\call of duty modern warfare\main\iw_08.iwd: -1079795827
c:\games\call of duty modern warfare\main\iw_09.iwd: -1846635013
c:\games\call of duty modern warfare\main\iw_10.iwd: 173489706
c:\games\call of duty modern warfare\main\iw_11.iwd: -292863836
c:\games\call of duty modern warfare\main\iw_12.iwd: 1043426064
c:\games\call of duty modern warfare\main\iw_13.iwd: 2115322797
c:\games\call of duty modern warfare\main\jcod4x_00.iwd: 94291723
c:\games\call of duty modern warfare\main\xbase_00.iwd: -978930286
c:\games\call of duty modern warfare\Mods\phx_promod_source\phx_promod_source.iwd: 1491770436
c:\games\call of duty modern warfare\Mods\phx_promod_source\z_c_r.iwd: 1988645860
Current language: english
Current fs_basepath: c:/games/call of duty modern warfare
Current fs_homepath: c:/games/call of duty modern warfare
Current search path:
c:\games\call of duty modern warfare\Mods\phx_promod_source\z_c_r.iwd (2 files)
c:\games\call of duty modern warfare\Mods\phx_promod_source\phx_promod_source.iwd (47 files)
c:/games/call of duty modern warfare/Mods/phx_promod_source
c:/games/call of duty modern warfare/usermaps/mp_crossfire
c:\games\call of duty modern warfare\main\xbase_00.iwd (115 files)
c:\games\call of duty modern warfare\main\jcod4x_00.iwd (67 files)
c:\games\call of duty modern warfare\main\iw_13.iwd (265 files)
c:\games\call of duty modern warfare\main\iw_12.iwd (33 files)
c:\games\call of duty modern warfare\main\iw_11.iwd (448 files)
c:\games\call of duty modern warfare\main\iw_10.iwd (230 files)
c:\games\call of duty modern warfare\main\iw_09.iwd (447 files)
c:\games\call of duty modern warfare\main\iw_08.iwd (66 files)
c:\games\call of duty modern warfare\main\iw_07.iwd (34 files)
c:\games\call of duty modern warfare\main\iw_06.iwd (416 files)
c:\games\call of duty modern warfare\main\iw_05.iwd (716 files)
c:\games\call of duty modern warfare\main\iw_04.iwd (765 files)
c:\games\call of duty modern warfare\main\iw_03.iwd (670 files)
c:\games\call of duty modern warfare\main\iw_02.iwd (1296 files)
c:\games\call of duty modern warfare\main\iw_01.iwd (1456 files)
c:\games\call of duty modern warfare\main\iw_00.iwd (1054 files)
c:/games/call of duty modern warfare/main
c:/games/call of duty modern warfare/main_shared
c:/games/call of duty modern warfare/players
c:\games\call of duty modern warfare\main\localized_english_iw06.iwd (7 files)
    localized assets iwd file for english
c:\games\call of duty modern warfare\main\localized_english_iw05.iwd (1338 files)
    localized assets iwd file for english
c:\games\call of duty modern warfare\main\localized_english_iw04.iwd (1730 files)
    localized assets iwd file for english
c:\games\call of duty modern warfare\main\localized_english_iw03.iwd (3705 files)
    localized assets iwd file for english
c:\games\call of duty modern warfare\main\localized_english_iw02.iwd (3483 files)
    localized assets iwd file for english
c:\games\call of duty modern warfare\main\localized_english_iw01.iwd (3181 files)
    localized assets iwd file for english
c:\games\call of duty modern warfare\main\localized_english_iw00.iwd (2903 files)
    localized assets iwd file for english

File Handles:
handle 2: qconsole.log
handle 3: enterleave.log
----------------------
24474 files in iwd files
Unloading assets from fastfile 'mp_crossfire' and creating default assets stubs
Unloaded fastfile 'mp_crossfire'
PMem_Free( mp_crossfire, Low )
PMem_Free( mp_crossfire, High )
Adding fastfile 'mp_crossfire' to queue
Loading fastfile 'mp_crossfire'
used 42.96 MB memory in DB alloc
Waited 167 msec for asset 'maps/mp/mp_crossfire.d3dbsp' of type 'col_map_mp'.
------- Game Initialization -------
gamename: Call of Duty 4
gamedate: Feb 12 2009
fs_ignoreLocalized is cheat protected.
fs_ignoreLocalized is cheat protected.
Loaded fastfile 'mp_crossfire' in 271ms (0ms waiting)
-----------------------------------
By using this software you agree to the usage conditions you can find at https://github.com/callofduty4x/CoD4x_Server#usage-conditions-for-server-hosters
-----------------------------------
^4Calculate referenced files checksums...
^4CRC32 for Mods/phx_promod_source/phx_promod_source.iwd is 63807f78 Len 276308
^4CRC32 for Mods/phx_promod_source/z_c_r.iwd is 597e6178 Len 2248
^4CRC32 for main/iw_11.iwd is e9cf411f Len 151420446
^4CRC32 for zone/english/code_post_gfx_mp.ff is b144581c Len 89196
^4CRC32 for zone/english/common_mp.ff is 4ef7a074 Len 13517381
^4CRC32 for Mods/phx_promod_source/mod.ff is 968da8ea Len 294697
^4CRC32 for zone/english/mp_crossfire.ff is 7ccff4ad Len 36726189
^5Hitch warning: 1450 msec frame time
Sending master heartbeat from 0.0.0.0:28960 to 84.21.7.14:20810
Sending master heartbeat from 0.0.0.0:28960 to 188.165.57.239:20810
Masterserver needs token to complete registration
Received packet 0 of stats data
Can not register server on the masterserver. Server needs to provide a valid token in cvar sv_authtoken.
Sending master heartbeat from 0.0.0.0:28960 to 84.21.7.14:20810
Check for file Mods/phx_promod_source/mod.ff
clientDownload: 0 : begining "Mods/phx_promod_source/mod.ff"
Writing Mods/phx_promod_source/mod.ff len 294697
DL Get blocks: 0 len 294697
Check for file Mods/phx_promod_source/mod.ff
clientDownload: 0 : begining "Mods/phx_promod_source/mod.ff"
Writing Mods/phx_promod_source/mod.ff len 294697
DL Get blocks: 0 len 294697
Player Gihan^7, 0 dropped: EXE_DISCONNECTED
Sending master heartbeat from 0.0.0.0:28960 to 188.165.57.239:20810
Sending master heartbeat from 0.0.0.0:28960 to 84.21.7.14:20810
Masterserver needs token to complete registration
Going from CS_ZOMBIE to CS_FREE for client 0
quitting...
All plugins have terminated
----- Server Shutdown -----

With the reason: EXE_SERVERQUIT
Can not register server on the masterserver. Server needs to provide a valid token in cvar sv_authtoken.
Sending master heartbeat from 0.0.0.0:28960 to 84.21.7.14:20810
==== ShutdownGame (1) ====
Sending master heartbeat from 0.0.0.0:28960 to 188.165.57.239:20810
---------------------------
Unloading assets from fastfile 'mp_crossfire' and deleting all assets
Unloading assets from fastfile 'mod' and deleting all assets
Unloading assets from fastfile 'common_mp' and deleting all assets
Unloading assets from fastfile 'localized_code_post_gfx_mp' and deleting all assets
Unloading assets from fastfile 'code_post_gfx_mp' and deleting all assets
Unloaded fastfile 'mp_crossfire'
PMem_Free( mp_crossfire, Low )
PMem_Free( mp_crossfire, High )
Unloaded fastfile 'mod'
PMem_Free( mod, Low )
PMem_Free( mod, High )
Unloaded fastfile 'common_mp'
PMem_Free( common_mp, Low )
PMem_Free( common_mp, High )
Unloaded fastfile 'localized_code_post_gfx_mp'
PMem_Free( localized_code_post_gfx_mp, Low )
PMem_Free( localized_code_post_gfx_mp, High )
Unloaded fastfile 'code_post_gfx_mp'
PMem_Free( code_post_gfx_mp, Low )
PMem_Free( code_post_gfx_mp, High )
